2017-08-11 00:36:00,297 [Thread-2] [DEBUG] [n.s.e.config.ConfigurationFactory] Configuring ehcache from InputStream
2017-08-11 00:36:00,309 [Thread-2] [DEBUG] [net.sf.ehcache.config.BeanHandler] Ignoring ehcache attribute xmlns:xsi
2017-08-11 00:36:00,309 [Thread-2] [DEBUG] [net.sf.ehcache.config.BeanHandler] Ignoring ehcache attribute xsi:noNamespaceSchemaLocation
2017-08-11 00:36:00,310 [Thread-2] [DEBUG] [n.s.e.config.DiskStoreConfiguration] Disk Store Path: C:\Users\myhome\AppData\Local\Temp\
2017-08-11 00:36:00,318 [Thread-2] [DEBUG] [net.sf.ehcache.CacheManager] Creating new CacheManager with InputStream
2017-08-11 00:36:00,318 [Thread-2] [DEBUG] [net.sf.ehcache.util.PropertyUtil] propertiesString is null.
2017-08-11 00:36:00,323 [Thread-2] [DEBUG] [n.s.e.config.ConfigurationHelper] No CacheManagerEventListenerFactory class specified. Skipping...
2017-08-11 00:36:00,324 [Thread-2] [DEBUG] [net.sf.ehcache.util.PropertyUtil] Value found for hostName: null
2017-08-11 00:36:00,324 [Thread-2] [DEBUG] [net.sf.ehcache.util.PropertyUtil] Value found for port: 9000
2017-08-11 00:36:00,324 [Thread-2] [DEBUG] [net.sf.ehcache.util.PropertyUtil] Value found for remoteObjectPort: null
2017-08-11 00:36:00,324 [Thread-2] [DEBUG] [net.sf.ehcache.util.PropertyUtil] Value found for socketTimeoutMillis: 120000
2017-08-11 00:36:00,328 [Thread-2] [DEBUG] [net.sf.ehcache.util.PropertyUtil] Value found for peerDiscovery: automatic
2017-08-11 00:36:00,328 [Thread-2] [DEBUG] [net.sf.ehcache.util.PropertyUtil] Value found for hostName: null
2017-08-11 00:36:00,328 [Thread-2] [DEBUG] [net.sf.ehcache.util.PropertyUtil] Value found for multicastGroupAddress: 230.0.0.100
2017-08-11 00:36:00,329 [Thread-2] [DEBUG] [net.sf.ehcache.util.PropertyUtil] Value found for multicastGroupPort: 9000
2017-08-11 00:36:00,329 [Thread-2] [DEBUG] [net.sf.ehcache.util.PropertyUtil] Value found for timeToLive: null
2017-08-11 00:36:00,329 [Thread-2] [DEBUG] [n.s.e.d.RMICacheManagerPeerProviderFactory] No TTL set. Setting it to the default of 1, which means packets are limited to the same subnet.
2017-08-11 00:36:01,365 [Thread-2] [DEBUG] [n.s.e.d.RMICacheManagerPeerListener] 0 RMICachePeers bound in registry for RMI listener
2017-08-11 00:36:01,426 [Thread-2] [DEBUG] [net.sf.ehcache.util.PropertyUtil] propertiesString is null.
2017-08-11 00:36:01,428 [Thread-2] [DEBUG] [net.sf.ehcache.Cache] No BootstrapCacheLoaderFactory class specified. Skipping...
2017-08-11 00:36:01,428 [Thread-2] [DEBUG] [net.sf.ehcache.Cache] CacheWriter factory not configured. Skipping...
2017-08-11 00:36:01,428 [Thread-2] [DEBUG] [n.s.e.config.ConfigurationHelper] No CacheExceptionHandlerFactory class specified. Skipping...
2017-08-11 00:36:01,441 [Thread-2] [DEBUG] [net.sf.ehcache.store.MemoryStore] Initialized net.sf.ehcache.store.MemoryStore for tokens
2017-08-11 00:36:01,458 [Thread-2] [DEBUG] [n.s.e.s.e.ExtendedStatisticsImpl] Mocking Pass-Through Statistic: LOCAL_OFFHEAP_SIZE
2017-08-11 00:36:01,458 [Thread-2] [DEBUG] [n.s.e.s.e.ExtendedStatisticsImpl] Mocking Pass-Through Statistic: LOCAL_OFFHEAP_SIZE_BYTES
2017-08-11 00:36:01,459 [Thread-2] [DEBUG] [n.s.e.s.e.ExtendedStatisticsImpl] Mocking Pass-Through Statistic: LOCAL_DISK_SIZE
2017-08-11 00:36:01,459 [Thread-2] [DEBUG] [n.s.e.s.e.ExtendedStatisticsImpl] Mocking Pass-Through Statistic: LOCAL_DISK_SIZE_BYTES
2017-08-11 00:36:01,459 [Thread-2] [DEBUG] [n.s.e.s.e.ExtendedStatisticsImpl] Mocking Pass-Through Statistic: WRITER_QUEUE_LENGTH
2017-08-11 00:36:01,459 [Thread-2] [DEBUG] [n.s.e.s.e.ExtendedStatisticsImpl] Mocking Pass-Through Statistic: REMOTE_SIZE
2017-08-11 00:36:01,459 [Thread-2] [DEBUG] [n.s.e.s.e.ExtendedStatisticsImpl] Mocking Pass-Through Statistic: LAST_REJOIN_TIMESTAMP
2017-08-11 00:36:01,468 [Thread-2] [DEBUG] [n.s.e.s.e.ExtendedStatisticsImpl] Mocking Operation Statistic: OFFHEAP_GET
2017-08-11 00:36:01,469 [Thread-2] [DEBUG] [n.s.e.s.e.ExtendedStatisticsImpl] Mocking Operation Statistic: OFFHEAP_PUT
2017-08-11 00:36:01,469 [Thread-2] [DEBUG] [n.s.e.s.e.ExtendedStatisticsImpl] Mocking Operation Statistic: OFFHEAP_REMOVE
2017-08-11 00:36:01,469 [Thread-2] [DEBUG] [n.s.e.s.e.ExtendedStatisticsImpl] Mocking Operation Statistic: DISK_GET
2017-08-11 00:36:01,469 [Thread-2] [DEBUG] [n.s.e.s.e.ExtendedStatisticsImpl] Mocking Operation Statistic: DISK_PUT
2017-08-11 00:36:01,470 [Thread-2] [DEBUG] [n.s.e.s.e.ExtendedStatisticsImpl] Mocking Operation Statistic: DISK_REMOVE
2017-08-11 00:36:01,470 [Thread-2] [DEBUG] [n.s.e.s.e.ExtendedStatisticsImpl] Mocking Operation Statistic: XA_COMMIT
2017-08-11 00:36:01,470 [Thread-2] [DEBUG] [n.s.e.s.e.ExtendedStatisticsImpl] Mocking Operation Statistic: XA_ROLLBACK
2017-08-11 00:36:01,470 [Thread-2] [DEBUG] [n.s.e.s.e.ExtendedStatisticsImpl] Mocking Operation Statistic: XA_RECOVERY
2017-08-11 00:36:01,471 [Thread-2] [DEBUG] [n.s.e.s.e.ExtendedStatisticsImpl] Mocking Operation Statistic: CLUSTER_EVENT
2017-08-11 00:36:01,471 [Thread-2] [DEBUG] [n.s.e.s.e.ExtendedStatisticsImpl] Mocking Operation Statistic: NONSTOP
2017-08-11 00:36:01,473 [Thread-2] [DEBUG] [net.sf.ehcache.Cache] Initialised cache: tokens
2017-08-11 00:36:01,474 [Thread-2] [DEBUG] [n.s.e.d.RMICacheManagerPeerListener] Adding to RMI listener
2017-08-11 00:36:01,492 [Thread-2] [DEBUG] [n.s.e.d.RMICacheManagerPeerListener] 1 RMICachePeers bound in registry for RMI listener
2017-08-11 00:36:01,492 [Thread-2] [DEBUG] [n.s.e.config.ConfigurationHelper] CacheDecoratorFactory not configured. Skipping for 'tokens'.
2017-08-11 00:36:01,492 [Thread-2] [DEBUG] [n.s.e.config.ConfigurationHelper] CacheDecoratorFactory not configured for defaultCache. Skipping for 'tokens'.
2017-08-11 00:36:01,708 [Thread-2] [DEBUG] [o.m.spring.SqlSessionFactoryBean] Scanned package: 'kr.co.redcore.domain' for aliases
2017-08-11 00:36:01,710 [Thread-2] [DEBUG] [o.m.spring.SqlSessionFactoryBean] Scanned package: 'kr.co.redcore.domain.view' for aliases
2017-08-11 00:36:01,756 [Thread-2] [DEBUG] [o.m.spring.SqlSessionFactoryBean] Parsed configuration file: 'class path resource [mybatis/mybatis-config.xml]'
2017-08-11 00:36:02,286 [Thread-2] [DEBUG] [o.m.spring.SqlSessionFactoryBean] Parsed mapper file: 'file [D:\project-java\workspace\kalleryshop\.metadata\.plugins\org.eclipse.wst.server.core\tmp0\wtpwebapps\kalleryshop\WEB-INF\classes\mybatis\mapper\tbl_auth_num.xml]'
2017-08-11 00:36:02,307 [Thread-2] [DEBUG] [o.m.spring.SqlSessionFactoryBean] Parsed mapper file: 'file [D:\project-java\workspace\kalleryshop\.metadata\.plugins\org.eclipse.wst.server.core\tmp0\wtpwebapps\kalleryshop\WEB-INF\classes\mybatis\mapper\tbl_banner.xml]'
2017-08-11 00:36:02,318 [Thread-2] [DEBUG] [o.m.spring.SqlSessionFactoryBean] Parsed mapper file: 'file [D:\project-java\workspace\kalleryshop\.metadata\.plugins\org.eclipse.wst.server.core\tmp0\wtpwebapps\kalleryshop\WEB-INF\classes\mybatis\mapper\tbl_banner_mgr.xml]'
2017-08-11 00:36:02,325 [Thread-2] [DEBUG] [o.m.spring.SqlSessionFactoryBean] Parsed mapper file: 'file [D:\project-java\workspace\kalleryshop\.metadata\.plugins\org.eclipse.wst.server.core\tmp0\wtpwebapps\kalleryshop\WEB-INF\classes\mybatis\mapper\tbl_cate_mst.xml]'
2017-08-11 00:36:02,332 [Thread-2] [DEBUG] [o.m.spring.SqlSessionFactoryBean] Parsed mapper file: 'file [D:\project-java\workspace\kalleryshop\.metadata\.plugins\org.eclipse.wst.server.core\tmp0\wtpwebapps\kalleryshop\WEB-INF\classes\mybatis\mapper\tbl_cate_prd.xml]'
2017-08-11 00:36:02,343 [Thread-2] [DEBUG] [o.m.spring.SqlSessionFactoryBean] Parsed mapper file: 'file [D:\project-java\workspace\kalleryshop\.metadata\.plugins\org.eclipse.wst.server.core\tmp0\wtpwebapps\kalleryshop\WEB-INF\classes\mybatis\mapper\tbl_common_code.xml]'
2017-08-11 00:36:02,347 [Thread-2] [DEBUG] [o.m.spring.SqlSessionFactoryBean] Parsed mapper file: 'file [D:\project-java\workspace\kalleryshop\.metadata\.plugins\org.eclipse.wst.server.core\tmp0\wtpwebapps\kalleryshop\WEB-INF\classes\mybatis\mapper\tbl_common_code_group.xml]'
2017-08-11 00:36:02,357 [Thread-2] [DEBUG] [o.m.spring.SqlSessionFactoryBean] Parsed mapper file: 'file [D:\project-java\workspace\kalleryshop\.metadata\.plugins\org.eclipse.wst.server.core\tmp0\wtpwebapps\kalleryshop\WEB-INF\classes\mybatis\mapper\tbl_member.xml]'
2017-08-11 00:36:02,363 [Thread-2] [DEBUG] [o.m.spring.SqlSessionFactoryBean] Parsed mapper file: 'file [D:\project-java\workspace\kalleryshop\.metadata\.plugins\org.eclipse.wst.server.core\tmp0\wtpwebapps\kalleryshop\WEB-INF\classes\mybatis\mapper\tbl_member_access_log.xml]'
2017-08-11 00:36:02,367 [Thread-2] [DEBUG] [o.m.spring.SqlSessionFactoryBean] Parsed mapper file: 'file [D:\project-java\workspace\kalleryshop\.metadata\.plugins\org.eclipse.wst.server.core\tmp0\wtpwebapps\kalleryshop\WEB-INF\classes\mybatis\mapper\tbl_member_point.xml]'
2017-08-11 00:36:02,373 [Thread-2] [DEBUG] [o.m.spring.SqlSessionFactoryBean] Parsed mapper file: 'file [D:\project-java\workspace\kalleryshop\.metadata\.plugins\org.eclipse.wst.server.core\tmp0\wtpwebapps\kalleryshop\WEB-INF\classes\mybatis\mapper\tbl_opt_group.xml]'
2017-08-11 00:36:02,377 [Thread-2] [DEBUG] [o.m.spring.SqlSessionFactoryBean] Parsed mapper file: 'file [D:\project-java\workspace\kalleryshop\.metadata\.plugins\org.eclipse.wst.server.core\tmp0\wtpwebapps\kalleryshop\WEB-INF\classes\mybatis\mapper\tbl_prd_detail.xml]'
2017-08-11 00:36:02,385 [Thread-2] [DEBUG] [o.m.spring.SqlSessionFactoryBean] Parsed mapper file: 'file [D:\project-java\workspace\kalleryshop\.metadata\.plugins\org.eclipse.wst.server.core\tmp0\wtpwebapps\kalleryshop\WEB-INF\classes\mybatis\mapper\tbl_prd_mst.xml]'
2017-08-11 00:36:02,391 [Thread-2] [DEBUG] [o.m.spring.SqlSessionFactoryBean] Parsed mapper file: 'file [D:\project-java\workspace\kalleryshop\.metadata\.plugins\org.eclipse.wst.server.core\tmp0\wtpwebapps\kalleryshop\WEB-INF\classes\mybatis\mapper\tbl_prd_opt.xml]'
2017-08-11 00:36:02,395 [Thread-2] [DEBUG] [o.m.spring.SqlSessionFactoryBean] Parsed mapper file: 'file [D:\project-java\workspace\kalleryshop\.metadata\.plugins\org.eclipse.wst.server.core\tmp0\wtpwebapps\kalleryshop\WEB-INF\classes\mybatis\mapper\tbl_shop_env.xml]'
2017-08-11 00:36:03,096 [Thread-2] [INFO ] [org.hibernate.validator.util.Version] Hibernate Validator 4.2.0.Final
2017-08-11 00:36:03,099 [Thread-2] [DEBUG] [o.h.v.e.r.DefaultTraversableResolver] Cannot find javax.persistence.Persistence on classpath. Assuming non JPA 2 environment. All properties will per default be traversable.
2017-08-11 00:36:03,101 [Thread-2] [DEBUG] [o.h.v.xml.ValidationXmlParser] Trying to load META-INF/validation.xml for XML based Validator configuration.
2017-08-11 00:36:03,102 [Thread-2] [DEBUG] [o.h.v.xml.ValidationXmlParser] No META-INF/validation.xml found. Using annotation based configuration only
2017-08-11 00:36:05,339 [Multicast Heartbeat Sender Thread] [DEBUG] [n.s.ehcache.distribution.PayloadUtil] Cache peers for this CacheManager to be advertised: //192.168.219.173:9000/tokens
2017-08-11 00:36:13,281 ["http-bio-8080"-exec-6] [DEBUG] [kr.co.redcore.aop.ControllerAspect] @@@@@@@@@@@@@ >>> Around Action Execution Time Start !! >>>
2017-08-11 00:36:13,281 ["http-bio-8080"-exec-6] [DEBUG] [kr.co.redcore.aop.ControllerAspect] ------------------- controller start -----------------------------------------------------
2017-08-11 00:36:13,282 ["http-bio-8080"-exec-6] [DEBUG] [kr.co.redcore.aop.ControllerAspect] ### Controller Before Advice Start !! ###
2017-08-11 00:36:13,282 ["http-bio-8080"-exec-6] [DEBUG] [kr.co.redcore.aop.ControllerAspect] Controller Class => IndexController
2017-08-11 00:36:13,282 ["http-bio-8080"-exec-6] [DEBUG] [kr.co.redcore.aop.ControllerAspect] Controller Method => index
2017-08-11 00:36:13,282 ["http-bio-8080"-exec-6] [DEBUG] [kr.co.redcore.aop.ControllerAspect] /kalleryshop/front/main/index.do
2017-08-11 00:36:13,282 ["http-bio-8080"-exec-6] [DEBUG] [kr.co.redcore.aop.ControllerAspect] ContentType => null
2017-08-11 00:36:13,282 ["http-bio-8080"-exec-6] [DEBUG] [kr.co.redcore.aop.ControllerAspect] ################################################################################
2017-08-11 00:36:13,282 ["http-bio-8080"-exec-6] [DEBUG] [kr.co.redcore.aop.ControllerAspect] Params => 
2017-08-11 00:36:13,282 ["http-bio-8080"-exec-6] [DEBUG] [kr.co.redcore.aop.ControllerAspect] ################################################################################
2017-08-11 00:36:13,283 ["http-bio-8080"-exec-6] [DEBUG] [kr.co.redcore.aop.ControllerAspect] ### Controller Before Advice End !! ###
2017-08-11 00:36:13,291 ["http-bio-8080"-exec-6] [DEBUG] [kr.co.redcore.aop.ControllerAspect] ------------------- controller end -------------------------------------------------------
2017-08-11 00:36:13,291 ["http-bio-8080"-exec-6] [DEBUG] [kr.co.redcore.aop.ControllerAspect] >>> class kr.co.redcore.controller.front.IndexController Execution time : 0.009
2017-08-11 00:36:13,291 ["http-bio-8080"-exec-6] [DEBUG] [kr.co.redcore.aop.ControllerAspect] @@@@@@@@@@@@@ >>> Around Action Execution Time END !! >>>
2017-08-11 00:36:14,997 ["http-bio-8080"-exec-6] [ERROR] [o.s.web.servlet.tags.MessageTag] No message found under code 'common.wd.배팅일정' for locale 'ko'.javax.servlet.jsp.JspTagException: No message found under code 'common.wd.배팅일정' for locale 'ko'.
	at org.springframework.web.servlet.tags.MessageTag.doStartTagInternal(MessageTag.java:185) ~[spring-webmvc-3.2.18.RELEASE.jar:3.2.18.RELEASE]
	at org.springframework.web.servlet.tags.RequestContextAwareTag.doStartTag(RequestContextAwareTag.java:80) ~[spring-webmvc-3.2.18.RELEASE.jar:3.2.18.RELEASE]
	at org.apache.jsp.WEB_002dINF.views.decorators.front.topPage_jsp._jspx_meth_spring_005fmessage_005f0(topPage_jsp.java:257) [kalleryshop/:na]
	at org.apache.jsp.WEB_002dINF.views.decorators.front.topPage_jsp._jspService(topPage_jsp.java:112) [kalleryshop/:na]
	at org.apache.jasper.runtime.HttpJspBase.service(HttpJspBase.java:70) [jasper.jar:7.0.8]
	at javax.servlet.http.HttpServlet.service(HttpServlet.java:722) [servlet-api.jar:na]
	at org.apache.jasper.servlet.JspServletWrapper.service(JspServletWrapper.java:417) [jasper.jar:7.0.8]
	at org.apache.jasper.servlet.JspServlet.serviceJspFile(JspServlet.java:391) [jasper.jar:7.0.8]
	at org.apache.jasper.servlet.JspServlet.service(JspServlet.java:334) [jasper.jar:7.0.8]
	at javax.servlet.http.HttpServlet.service(HttpServlet.java:722) [servlet-api.jar:na]
	at org.apache.catalina.core.ApplicationFilterChain.internalDoFilter(ApplicationFilterChain.java:306) [catalina.jar:7.0.8]
	at org.apache.catalina.core.ApplicationFilterChain.doFilter(ApplicationFilterChain.java:210) [catalina.jar:7.0.8]
	at org.apache.catalina.core.ApplicationDispatcher.invoke(ApplicationDispatcher.java:672) [catalina.jar:7.0.8]
	at org.apache.catalina.core.ApplicationDispatcher.doInclude(ApplicationDispatcher.java:581) [catalina.jar:7.0.8]
	at org.apache.catalina.core.ApplicationDispatcher.include(ApplicationDispatcher.java:518) [catalina.jar:7.0.8]
	at org.apache.jasper.runtime.JspRuntimeLibrary.include(JspRuntimeLibrary.java:927) [jasper.jar:7.0.8]
	at org.apache.jasper.runtime.PageContextImpl.include(PageContextImpl.java:656) [jasper.jar:7.0.8]
	at com.opensymphony.module.sitemesh.taglib.page.ApplyDecoratorTag.doEndTag(ApplyDecoratorTag.java:258) [sitemesh-2.4.2.jar:na]
	at org.apache.jsp.WEB_002dINF.views.decorators.front.mainLayer_jsp._jspx_meth_page_005fapplyDecorator_005f0(mainLayer_jsp.java:273) [kalleryshop/:na]
	at org.apache.jsp.WEB_002dINF.views.decorators.front.mainLayer_jsp._jspService(mainLayer_jsp.java:188) [kalleryshop/:na]
	at org.apache.jasper.runtime.HttpJspBase.service(HttpJspBase.java:70) [jasper.jar:7.0.8]
	at javax.servlet.http.HttpServlet.service(HttpServlet.java:722) [servlet-api.jar:na]
	at org.apache.jasper.servlet.JspServletWrapper.service(JspServletWrapper.java:417) [jasper.jar:7.0.8]
	at org.apache.jasper.servlet.JspServlet.serviceJspFile(JspServlet.java:391) [jasper.jar:7.0.8]
	at org.apache.jasper.servlet.JspServlet.service(JspServlet.java:334) [jasper.jar:7.0.8]
	at javax.servlet.http.HttpServlet.service(HttpServlet.java:722) [servlet-api.jar:na]
	at org.apache.catalina.core.ApplicationFilterChain.internalDoFilter(ApplicationFilterChain.java:306) [catalina.jar:7.0.8]
	at org.apache.catalina.core.ApplicationFilterChain.doFilter(ApplicationFilterChain.java:210) [catalina.jar:7.0.8]
	at org.apache.catalina.core.ApplicationDispatcher.invoke(ApplicationDispatcher.java:672) [catalina.jar:7.0.8]
	at org.apache.catalina.core.ApplicationDispatcher.doInclude(ApplicationDispatcher.java:581) [catalina.jar:7.0.8]
	at org.apache.catalina.core.ApplicationDispatcher.include(ApplicationDispatcher.java:518) [catalina.jar:7.0.8]
	at com.opensymphony.sitemesh.compatability.OldDecorator2NewDecorator.render(OldDecorator2NewDecorator.java:46) [sitemesh-2.4.2.jar:na]
	at com.opensymphony.sitemesh.webapp.decorator.BaseWebAppDecorator.render(BaseWebAppDecorator.java:33) [sitemesh-2.4.2.jar:na]
	at com.opensymphony.sitemesh.webapp.SiteMeshFilter.doFilter(SiteMeshFilter.java:84) [sitemesh-2.4.2.jar:na]
	at org.apache.catalina.core.ApplicationFilterChain.internalDoFilter(ApplicationFilterChain.java:244) [catalina.jar:7.0.8]
	at org.apache.catalina.core.ApplicationFilterChain.doFilter(ApplicationFilterChain.java:210) [catalina.jar:7.0.8]
	at org.apache.catalina.core.StandardWrapperValve.invoke(StandardWrapperValve.java:240) [catalina.jar:7.0.8]
	at org.apache.catalina.core.StandardContextValve.invoke(StandardContextValve.java:161) [catalina.jar:7.0.8]
	at org.apache.catalina.core.StandardHostValve.invoke(StandardHostValve.java:164) [catalina.jar:7.0.8]
	at org.apache.catalina.valves.ErrorReportValve.invoke(ErrorReportValve.java:100) [catalina.jar:7.0.8]
	at org.apache.catalina.valves.AccessLogValve.invoke(AccessLogValve.java:541) [catalina.jar:7.0.8]
	at org.apache.catalina.core.StandardEngineValve.invoke(StandardEngineValve.java:118) [catalina.jar:7.0.8]
	at org.apache.catalina.connector.CoyoteAdapter.service(CoyoteAdapter.java:383) [catalina.jar:7.0.8]
	at org.apache.coyote.http11.Http11Processor.process(Http11Processor.java:243) [tomcat-coyote.jar:7.0.8]
	at org.apache.coyote.http11.Http11Protocol$Http11ConnectionHandler.process(Http11Protocol.java:188) [tomcat-coyote.jar:7.0.8]
	at org.apache.coyote.http11.Http11Protocol$Http11ConnectionHandler.process(Http11Protocol.java:166) [tomcat-coyote.jar:7.0.8]
	at org.apache.tomcat.util.net.JIoEndpoint$SocketProcessor.run(JIoEndpoint.java:288) [tomcat-coyote.jar:7.0.8]
	at java.util.concurrent.ThreadPoolExecutor.runWorker(Unknown Source) [na:1.7.0_45]
	at java.util.concurrent.ThreadPoolExecutor$Worker.run(Unknown Source) [na:1.7.0_45]
	at java.lang.Thread.run(Unknown Source) [na:1.7.0_45]

2017-08-11 01:11:52,540 [Thread-2] [DEBUG] [n.s.e.config.ConfigurationFactory] Configuring ehcache from InputStream
2017-08-11 01:11:52,549 [Thread-2] [DEBUG] [net.sf.ehcache.config.BeanHandler] Ignoring ehcache attribute xmlns:xsi
2017-08-11 01:11:52,550 [Thread-2] [DEBUG] [net.sf.ehcache.config.BeanHandler] Ignoring ehcache attribute xsi:noNamespaceSchemaLocation
2017-08-11 01:11:52,551 [Thread-2] [DEBUG] [n.s.e.config.DiskStoreConfiguration] Disk Store Path: C:\Users\myhome\AppData\Local\Temp\
2017-08-11 01:11:52,559 [Thread-2] [DEBUG] [net.sf.ehcache.CacheManager] Creating new CacheManager with InputStream
2017-08-11 01:11:52,560 [Thread-2] [DEBUG] [net.sf.ehcache.util.PropertyUtil] propertiesString is null.
2017-08-11 01:11:52,564 [Thread-2] [DEBUG] [n.s.e.config.ConfigurationHelper] No CacheManagerEventListenerFactory class specified. Skipping...
2017-08-11 01:11:52,565 [Thread-2] [DEBUG] [net.sf.ehcache.util.PropertyUtil] Value found for hostName: null
2017-08-11 01:11:52,565 [Thread-2] [DEBUG] [net.sf.ehcache.util.PropertyUtil] Value found for port: 9000
2017-08-11 01:11:52,565 [Thread-2] [DEBUG] [net.sf.ehcache.util.PropertyUtil] Value found for remoteObjectPort: null
2017-08-11 01:11:52,565 [Thread-2] [DEBUG] [net.sf.ehcache.util.PropertyUtil] Value found for socketTimeoutMillis: 120000
2017-08-11 01:11:52,568 [Thread-2] [DEBUG] [net.sf.ehcache.util.PropertyUtil] Value found for peerDiscovery: automatic
2017-08-11 01:11:52,568 [Thread-2] [DEBUG] [net.sf.ehcache.util.PropertyUtil] Value found for hostName: null
2017-08-11 01:11:52,568 [Thread-2] [DEBUG] [net.sf.ehcache.util.PropertyUtil] Value found for multicastGroupAddress: 230.0.0.100
2017-08-11 01:11:52,568 [Thread-2] [DEBUG] [net.sf.ehcache.util.PropertyUtil] Value found for multicastGroupPort: 9000
2017-08-11 01:11:52,568 [Thread-2] [DEBUG] [net.sf.ehcache.util.PropertyUtil] Value found for timeToLive: null
2017-08-11 01:11:52,569 [Thread-2] [DEBUG] [n.s.e.d.RMICacheManagerPeerProviderFactory] No TTL set. Setting it to the default of 1, which means packets are limited to the same subnet.
2017-08-11 01:11:53,591 [Thread-2] [DEBUG] [n.s.e.d.RMICacheManagerPeerListener] 0 RMICachePeers bound in registry for RMI listener
2017-08-11 01:11:53,653 [Thread-2] [DEBUG] [net.sf.ehcache.util.PropertyUtil] propertiesString is null.
2017-08-11 01:11:53,656 [Thread-2] [DEBUG] [net.sf.ehcache.Cache] No BootstrapCacheLoaderFactory class specified. Skipping...
2017-08-11 01:11:53,656 [Thread-2] [DEBUG] [net.sf.ehcache.Cache] CacheWriter factory not configured. Skipping...
2017-08-11 01:11:53,656 [Thread-2] [DEBUG] [n.s.e.config.ConfigurationHelper] No CacheExceptionHandlerFactory class specified. Skipping...
2017-08-11 01:11:53,669 [Thread-2] [DEBUG] [net.sf.ehcache.store.MemoryStore] Initialized net.sf.ehcache.store.MemoryStore for tokens
2017-08-11 01:11:53,687 [Thread-2] [DEBUG] [n.s.e.s.e.ExtendedStatisticsImpl] Mocking Pass-Through Statistic: LOCAL_OFFHEAP_SIZE
2017-08-11 01:11:53,688 [Thread-2] [DEBUG] [n.s.e.s.e.ExtendedStatisticsImpl] Mocking Pass-Through Statistic: LOCAL_OFFHEAP_SIZE_BYTES
2017-08-11 01:11:53,689 [Thread-2] [DEBUG] [n.s.e.s.e.ExtendedStatisticsImpl] Mocking Pass-Through Statistic: LOCAL_DISK_SIZE
2017-08-11 01:11:53,689 [Thread-2] [DEBUG] [n.s.e.s.e.ExtendedStatisticsImpl] Mocking Pass-Through Statistic: LOCAL_DISK_SIZE_BYTES
2017-08-11 01:11:53,689 [Thread-2] [DEBUG] [n.s.e.s.e.ExtendedStatisticsImpl] Mocking Pass-Through Statistic: WRITER_QUEUE_LENGTH
2017-08-11 01:11:53,690 [Thread-2] [DEBUG] [n.s.e.s.e.ExtendedStatisticsImpl] Mocking Pass-Through Statistic: REMOTE_SIZE
2017-08-11 01:11:53,690 [Thread-2] [DEBUG] [n.s.e.s.e.ExtendedStatisticsImpl] Mocking Pass-Through Statistic: LAST_REJOIN_TIMESTAMP
2017-08-11 01:11:53,699 [Thread-2] [DEBUG] [n.s.e.s.e.ExtendedStatisticsImpl] Mocking Operation Statistic: OFFHEAP_GET
2017-08-11 01:11:53,700 [Thread-2] [DEBUG] [n.s.e.s.e.ExtendedStatisticsImpl] Mocking Operation Statistic: OFFHEAP_PUT
2017-08-11 01:11:53,700 [Thread-2] [DEBUG] [n.s.e.s.e.ExtendedStatisticsImpl] Mocking Operation Statistic: OFFHEAP_REMOVE
2017-08-11 01:11:53,700 [Thread-2] [DEBUG] [n.s.e.s.e.ExtendedStatisticsImpl] Mocking Operation Statistic: DISK_GET
2017-08-11 01:11:53,700 [Thread-2] [DEBUG] [n.s.e.s.e.ExtendedStatisticsImpl] Mocking Operation Statistic: DISK_PUT
2017-08-11 01:11:53,700 [Thread-2] [DEBUG] [n.s.e.s.e.ExtendedStatisticsImpl] Mocking Operation Statistic: DISK_REMOVE
2017-08-11 01:11:53,700 [Thread-2] [DEBUG] [n.s.e.s.e.ExtendedStatisticsImpl] Mocking Operation Statistic: XA_COMMIT
2017-08-11 01:11:53,700 [Thread-2] [DEBUG] [n.s.e.s.e.ExtendedStatisticsImpl] Mocking Operation Statistic: XA_ROLLBACK
2017-08-11 01:11:53,701 [Thread-2] [DEBUG] [n.s.e.s.e.ExtendedStatisticsImpl] Mocking Operation Statistic: XA_RECOVERY
2017-08-11 01:11:53,701 [Thread-2] [DEBUG] [n.s.e.s.e.ExtendedStatisticsImpl] Mocking Operation Statistic: CLUSTER_EVENT
2017-08-11 01:11:53,702 [Thread-2] [DEBUG] [n.s.e.s.e.ExtendedStatisticsImpl] Mocking Operation Statistic: NONSTOP
2017-08-11 01:11:53,706 [Thread-2] [DEBUG] [net.sf.ehcache.Cache] Initialised cache: tokens
2017-08-11 01:11:53,706 [Thread-2] [DEBUG] [n.s.e.d.RMICacheManagerPeerListener] Adding to RMI listener
2017-08-11 01:11:53,718 [Thread-2] [DEBUG] [n.s.e.d.RMICacheManagerPeerListener] 1 RMICachePeers bound in registry for RMI listener
2017-08-11 01:11:53,718 [Thread-2] [DEBUG] [n.s.e.config.ConfigurationHelper] CacheDecoratorFactory not configured. Skipping for 'tokens'.
2017-08-11 01:11:53,718 [Thread-2] [DEBUG] [n.s.e.config.ConfigurationHelper] CacheDecoratorFactory not configured for defaultCache. Skipping for 'tokens'.
2017-08-11 01:11:53,863 [Thread-2] [DEBUG] [o.m.spring.SqlSessionFactoryBean] Scanned package: 'kr.co.redcore.domain' for aliases
2017-08-11 01:11:53,865 [Thread-2] [DEBUG] [o.m.spring.SqlSessionFactoryBean] Scanned package: 'kr.co.redcore.domain.view' for aliases
2017-08-11 01:11:53,900 [Thread-2] [DEBUG] [o.m.spring.SqlSessionFactoryBean] Parsed configuration file: 'class path resource [mybatis/mybatis-config.xml]'
2017-08-11 01:11:54,417 [Thread-2] [DEBUG] [o.m.spring.SqlSessionFactoryBean] Parsed mapper file: 'file [D:\project-java\workspace\kalleryshop\.metadata\.plugins\org.eclipse.wst.server.core\tmp0\wtpwebapps\kalleryshop\WEB-INF\classes\mybatis\mapper\tbl_auth_num.xml]'
2017-08-11 01:11:54,439 [Thread-2] [DEBUG] [o.m.spring.SqlSessionFactoryBean] Parsed mapper file: 'file [D:\project-java\workspace\kalleryshop\.metadata\.plugins\org.eclipse.wst.server.core\tmp0\wtpwebapps\kalleryshop\WEB-INF\classes\mybatis\mapper\tbl_banner.xml]'
2017-08-11 01:11:54,449 [Thread-2] [DEBUG] [o.m.spring.SqlSessionFactoryBean] Parsed mapper file: 'file [D:\project-java\workspace\kalleryshop\.metadata\.plugins\org.eclipse.wst.server.core\tmp0\wtpwebapps\kalleryshop\WEB-INF\classes\mybatis\mapper\tbl_banner_mgr.xml]'
2017-08-11 01:11:54,455 [Thread-2] [DEBUG] [o.m.spring.SqlSessionFactoryBean] Parsed mapper file: 'file [D:\project-java\workspace\kalleryshop\.metadata\.plugins\org.eclipse.wst.server.core\tmp0\wtpwebapps\kalleryshop\WEB-INF\classes\mybatis\mapper\tbl_cate_mst.xml]'
2017-08-11 01:11:54,462 [Thread-2] [DEBUG] [o.m.spring.SqlSessionFactoryBean] Parsed mapper file: 'file [D:\project-java\workspace\kalleryshop\.metadata\.plugins\org.eclipse.wst.server.core\tmp0\wtpwebapps\kalleryshop\WEB-INF\classes\mybatis\mapper\tbl_cate_prd.xml]'
2017-08-11 01:11:54,472 [Thread-2] [DEBUG] [o.m.spring.SqlSessionFactoryBean] Parsed mapper file: 'file [D:\project-java\workspace\kalleryshop\.metadata\.plugins\org.eclipse.wst.server.core\tmp0\wtpwebapps\kalleryshop\WEB-INF\classes\mybatis\mapper\tbl_common_code.xml]'
2017-08-11 01:11:54,477 [Thread-2] [DEBUG] [o.m.spring.SqlSessionFactoryBean] Parsed mapper file: 'file [D:\project-java\workspace\kalleryshop\.metadata\.plugins\org.eclipse.wst.server.core\tmp0\wtpwebapps\kalleryshop\WEB-INF\classes\mybatis\mapper\tbl_common_code_group.xml]'
2017-08-11 01:11:54,488 [Thread-2] [DEBUG] [o.m.spring.SqlSessionFactoryBean] Parsed mapper file: 'file [D:\project-java\workspace\kalleryshop\.metadata\.plugins\org.eclipse.wst.server.core\tmp0\wtpwebapps\kalleryshop\WEB-INF\classes\mybatis\mapper\tbl_member.xml]'
2017-08-11 01:11:54,493 [Thread-2] [DEBUG] [o.m.spring.SqlSessionFactoryBean] Parsed mapper file: 'file [D:\project-java\workspace\kalleryshop\.metadata\.plugins\org.eclipse.wst.server.core\tmp0\wtpwebapps\kalleryshop\WEB-INF\classes\mybatis\mapper\tbl_member_access_log.xml]'
2017-08-11 01:11:54,497 [Thread-2] [DEBUG] [o.m.spring.SqlSessionFactoryBean] Parsed mapper file: 'file [D:\project-java\workspace\kalleryshop\.metadata\.plugins\org.eclipse.wst.server.core\tmp0\wtpwebapps\kalleryshop\WEB-INF\classes\mybatis\mapper\tbl_member_point.xml]'
2017-08-11 01:11:54,503 [Thread-2] [DEBUG] [o.m.spring.SqlSessionFactoryBean] Parsed mapper file: 'file [D:\project-java\workspace\kalleryshop\.metadata\.plugins\org.eclipse.wst.server.core\tmp0\wtpwebapps\kalleryshop\WEB-INF\classes\mybatis\mapper\tbl_opt_group.xml]'
2017-08-11 01:11:54,508 [Thread-2] [DEBUG] [o.m.spring.SqlSessionFactoryBean] Parsed mapper file: 'file [D:\project-java\workspace\kalleryshop\.metadata\.plugins\org.eclipse.wst.server.core\tmp0\wtpwebapps\kalleryshop\WEB-INF\classes\mybatis\mapper\tbl_prd_detail.xml]'
2017-08-11 01:11:54,517 [Thread-2] [DEBUG] [o.m.spring.SqlSessionFactoryBean] Parsed mapper file: 'file [D:\project-java\workspace\kalleryshop\.metadata\.plugins\org.eclipse.wst.server.core\tmp0\wtpwebapps\kalleryshop\WEB-INF\classes\mybatis\mapper\tbl_prd_mst.xml]'
2017-08-11 01:11:54,523 [Thread-2] [DEBUG] [o.m.spring.SqlSessionFactoryBean] Parsed mapper file: 'file [D:\project-java\workspace\kalleryshop\.metadata\.plugins\org.eclipse.wst.server.core\tmp0\wtpwebapps\kalleryshop\WEB-INF\classes\mybatis\mapper\tbl_prd_opt.xml]'
2017-08-11 01:11:54,530 [Thread-2] [DEBUG] [o.m.spring.SqlSessionFactoryBean] Parsed mapper file: 'file [D:\project-java\workspace\kalleryshop\.metadata\.plugins\org.eclipse.wst.server.core\tmp0\wtpwebapps\kalleryshop\WEB-INF\classes\mybatis\mapper\tbl_shop_env.xml]'
2017-08-11 01:11:55,006 [Thread-2] [INFO ] [org.hibernate.validator.util.Version] Hibernate Validator 4.2.0.Final
2017-08-11 01:11:55,009 [Thread-2] [DEBUG] [o.h.v.e.r.DefaultTraversableResolver] Cannot find javax.persistence.Persistence on classpath. Assuming non JPA 2 environment. All properties will per default be traversable.
2017-08-11 01:11:55,011 [Thread-2] [DEBUG] [o.h.v.xml.ValidationXmlParser] Trying to load META-INF/validation.xml for XML based Validator configuration.
2017-08-11 01:11:55,011 [Thread-2] [DEBUG] [o.h.v.xml.ValidationXmlParser] No META-INF/validation.xml found. Using annotation based configuration only
2017-08-11 01:11:57,095 ["http-bio-8080"-exec-5] [DEBUG] [kr.co.redcore.aop.ControllerAspect] @@@@@@@@@@@@@ >>> Around Action Execution Time Start !! >>>
2017-08-11 01:11:57,095 ["http-bio-8080"-exec-5] [DEBUG] [kr.co.redcore.aop.ControllerAspect] ------------------- controller start -----------------------------------------------------
2017-08-11 01:11:57,096 ["http-bio-8080"-exec-5] [DEBUG] [kr.co.redcore.aop.ControllerAspect] ### Controller Before Advice Start !! ###
2017-08-11 01:11:57,096 ["http-bio-8080"-exec-5] [DEBUG] [kr.co.redcore.aop.ControllerAspect] Controller Class => IndexController
2017-08-11 01:11:57,096 ["http-bio-8080"-exec-5] [DEBUG] [kr.co.redcore.aop.ControllerAspect] Controller Method => index
2017-08-11 01:11:57,096 ["http-bio-8080"-exec-5] [DEBUG] [kr.co.redcore.aop.ControllerAspect] /kalleryshop/front/main/index.do
2017-08-11 01:11:57,096 ["http-bio-8080"-exec-5] [DEBUG] [kr.co.redcore.aop.ControllerAspect] ContentType => null
2017-08-11 01:11:57,096 ["http-bio-8080"-exec-5] [DEBUG] [kr.co.redcore.aop.ControllerAspect] ################################################################################
2017-08-11 01:11:57,096 ["http-bio-8080"-exec-5] [DEBUG] [kr.co.redcore.aop.ControllerAspect] Params => 
2017-08-11 01:11:57,096 ["http-bio-8080"-exec-5] [DEBUG] [kr.co.redcore.aop.ControllerAspect] ################################################################################
2017-08-11 01:11:57,097 ["http-bio-8080"-exec-5] [DEBUG] [kr.co.redcore.aop.ControllerAspect] ### Controller Before Advice End !! ###
2017-08-11 01:11:57,106 ["http-bio-8080"-exec-5] [DEBUG] [kr.co.redcore.aop.ControllerAspect] ------------------- controller end -------------------------------------------------------
2017-08-11 01:11:57,106 ["http-bio-8080"-exec-5] [DEBUG] [kr.co.redcore.aop.ControllerAspect] >>> class kr.co.redcore.controller.front.IndexController Execution time : 0.01
2017-08-11 01:11:57,106 ["http-bio-8080"-exec-5] [DEBUG] [kr.co.redcore.aop.ControllerAspect] @@@@@@@@@@@@@ >>> Around Action Execution Time END !! >>>
2017-08-11 01:11:57,576 [Multicast Heartbeat Sender Thread] [DEBUG] [n.s.ehcache.distribution.PayloadUtil] Cache peers for this CacheManager to be advertised: //192.168.219.173:9000/tokens
