2017-08-06 17:18:10,501 [Thread-2] [DEBUG] [n.s.e.config.ConfigurationFactory] Configuring ehcache from InputStream
2017-08-06 17:18:10,513 [Thread-2] [DEBUG] [net.sf.ehcache.config.BeanHandler] Ignoring ehcache attribute xmlns:xsi
2017-08-06 17:18:10,513 [Thread-2] [DEBUG] [net.sf.ehcache.config.BeanHandler] Ignoring ehcache attribute xsi:noNamespaceSchemaLocation
2017-08-06 17:18:10,514 [Thread-2] [DEBUG] [n.s.e.config.DiskStoreConfiguration] Disk Store Path: C:\Users\myhome\AppData\Local\Temp\
2017-08-06 17:18:10,522 [Thread-2] [DEBUG] [net.sf.ehcache.CacheManager] Creating new CacheManager with InputStream
2017-08-06 17:18:10,522 [Thread-2] [DEBUG] [net.sf.ehcache.util.PropertyUtil] propertiesString is null.
2017-08-06 17:18:10,527 [Thread-2] [DEBUG] [n.s.e.config.ConfigurationHelper] No CacheManagerEventListenerFactory class specified. Skipping...
2017-08-06 17:18:10,528 [Thread-2] [DEBUG] [net.sf.ehcache.util.PropertyUtil] Value found for hostName: null
2017-08-06 17:18:10,528 [Thread-2] [DEBUG] [net.sf.ehcache.util.PropertyUtil] Value found for port: 9000
2017-08-06 17:18:10,528 [Thread-2] [DEBUG] [net.sf.ehcache.util.PropertyUtil] Value found for remoteObjectPort: null
2017-08-06 17:18:10,528 [Thread-2] [DEBUG] [net.sf.ehcache.util.PropertyUtil] Value found for socketTimeoutMillis: 120000
2017-08-06 17:18:10,532 [Thread-2] [DEBUG] [net.sf.ehcache.util.PropertyUtil] Value found for peerDiscovery: automatic
2017-08-06 17:18:10,532 [Thread-2] [DEBUG] [net.sf.ehcache.util.PropertyUtil] Value found for hostName: null
2017-08-06 17:18:10,532 [Thread-2] [DEBUG] [net.sf.ehcache.util.PropertyUtil] Value found for multicastGroupAddress: 230.0.0.100
2017-08-06 17:18:10,532 [Thread-2] [DEBUG] [net.sf.ehcache.util.PropertyUtil] Value found for multicastGroupPort: 9000
2017-08-06 17:18:10,532 [Thread-2] [DEBUG] [net.sf.ehcache.util.PropertyUtil] Value found for timeToLive: null
2017-08-06 17:18:10,533 [Thread-2] [DEBUG] [n.s.e.d.RMICacheManagerPeerProviderFactory] No TTL set. Setting it to the default of 1, which means packets are limited to the same subnet.
2017-08-06 17:18:11,566 [Thread-2] [DEBUG] [n.s.e.d.RMICacheManagerPeerListener] 0 RMICachePeers bound in registry for RMI listener
2017-08-06 17:18:11,646 [Thread-2] [DEBUG] [net.sf.ehcache.util.PropertyUtil] propertiesString is null.
2017-08-06 17:18:11,648 [Thread-2] [DEBUG] [net.sf.ehcache.Cache] No BootstrapCacheLoaderFactory class specified. Skipping...
2017-08-06 17:18:11,648 [Thread-2] [DEBUG] [net.sf.ehcache.Cache] CacheWriter factory not configured. Skipping...
2017-08-06 17:18:11,648 [Thread-2] [DEBUG] [n.s.e.config.ConfigurationHelper] No CacheExceptionHandlerFactory class specified. Skipping...
2017-08-06 17:18:11,662 [Thread-2] [DEBUG] [net.sf.ehcache.store.MemoryStore] Initialized net.sf.ehcache.store.MemoryStore for tokens
2017-08-06 17:18:11,679 [Thread-2] [DEBUG] [n.s.e.s.e.ExtendedStatisticsImpl] Mocking Pass-Through Statistic: LOCAL_OFFHEAP_SIZE
2017-08-06 17:18:11,680 [Thread-2] [DEBUG] [n.s.e.s.e.ExtendedStatisticsImpl] Mocking Pass-Through Statistic: LOCAL_OFFHEAP_SIZE_BYTES
2017-08-06 17:18:11,680 [Thread-2] [DEBUG] [n.s.e.s.e.ExtendedStatisticsImpl] Mocking Pass-Through Statistic: LOCAL_DISK_SIZE
2017-08-06 17:18:11,680 [Thread-2] [DEBUG] [n.s.e.s.e.ExtendedStatisticsImpl] Mocking Pass-Through Statistic: LOCAL_DISK_SIZE_BYTES
2017-08-06 17:18:11,681 [Thread-2] [DEBUG] [n.s.e.s.e.ExtendedStatisticsImpl] Mocking Pass-Through Statistic: WRITER_QUEUE_LENGTH
2017-08-06 17:18:11,681 [Thread-2] [DEBUG] [n.s.e.s.e.ExtendedStatisticsImpl] Mocking Pass-Through Statistic: REMOTE_SIZE
2017-08-06 17:18:11,681 [Thread-2] [DEBUG] [n.s.e.s.e.ExtendedStatisticsImpl] Mocking Pass-Through Statistic: LAST_REJOIN_TIMESTAMP
2017-08-06 17:18:11,689 [Thread-2] [DEBUG] [n.s.e.s.e.ExtendedStatisticsImpl] Mocking Operation Statistic: OFFHEAP_GET
2017-08-06 17:18:11,689 [Thread-2] [DEBUG] [n.s.e.s.e.ExtendedStatisticsImpl] Mocking Operation Statistic: OFFHEAP_PUT
2017-08-06 17:18:11,689 [Thread-2] [DEBUG] [n.s.e.s.e.ExtendedStatisticsImpl] Mocking Operation Statistic: OFFHEAP_REMOVE
2017-08-06 17:18:11,689 [Thread-2] [DEBUG] [n.s.e.s.e.ExtendedStatisticsImpl] Mocking Operation Statistic: DISK_GET
2017-08-06 17:18:11,690 [Thread-2] [DEBUG] [n.s.e.s.e.ExtendedStatisticsImpl] Mocking Operation Statistic: DISK_PUT
2017-08-06 17:18:11,690 [Thread-2] [DEBUG] [n.s.e.s.e.ExtendedStatisticsImpl] Mocking Operation Statistic: DISK_REMOVE
2017-08-06 17:18:11,690 [Thread-2] [DEBUG] [n.s.e.s.e.ExtendedStatisticsImpl] Mocking Operation Statistic: XA_COMMIT
2017-08-06 17:18:11,690 [Thread-2] [DEBUG] [n.s.e.s.e.ExtendedStatisticsImpl] Mocking Operation Statistic: XA_ROLLBACK
2017-08-06 17:18:11,690 [Thread-2] [DEBUG] [n.s.e.s.e.ExtendedStatisticsImpl] Mocking Operation Statistic: XA_RECOVERY
2017-08-06 17:18:11,694 [Thread-2] [DEBUG] [n.s.e.s.e.ExtendedStatisticsImpl] Mocking Operation Statistic: CLUSTER_EVENT
2017-08-06 17:18:11,694 [Thread-2] [DEBUG] [n.s.e.s.e.ExtendedStatisticsImpl] Mocking Operation Statistic: NONSTOP
2017-08-06 17:18:11,697 [Thread-2] [DEBUG] [net.sf.ehcache.Cache] Initialised cache: tokens
2017-08-06 17:18:11,697 [Thread-2] [DEBUG] [n.s.e.d.RMICacheManagerPeerListener] Adding to RMI listener
2017-08-06 17:18:11,714 [Thread-2] [DEBUG] [n.s.e.d.RMICacheManagerPeerListener] 1 RMICachePeers bound in registry for RMI listener
2017-08-06 17:18:11,714 [Thread-2] [DEBUG] [n.s.e.config.ConfigurationHelper] CacheDecoratorFactory not configured. Skipping for 'tokens'.
2017-08-06 17:18:11,715 [Thread-2] [DEBUG] [n.s.e.config.ConfigurationHelper] CacheDecoratorFactory not configured for defaultCache. Skipping for 'tokens'.
2017-08-06 17:18:11,907 [Thread-2] [DEBUG] [o.m.spring.SqlSessionFactoryBean] Scanned package: 'kr.co.redcore.domain' for aliases
2017-08-06 17:18:11,909 [Thread-2] [DEBUG] [o.m.spring.SqlSessionFactoryBean] Scanned package: 'kr.co.redcore.domain.view' for aliases
2017-08-06 17:18:11,965 [Thread-2] [DEBUG] [o.m.spring.SqlSessionFactoryBean] Parsed configuration file: 'class path resource [mybatis/mybatis-config.xml]'
2017-08-06 17:18:12,463 [Thread-2] [DEBUG] [o.m.spring.SqlSessionFactoryBean] Parsed mapper file: 'file [D:\project-java\workspace\kalleryshop\.metadata\.plugins\org.eclipse.wst.server.core\tmp0\wtpwebapps\kalleryshop\WEB-INF\classes\mybatis\mapper\tbl_auth_num.xml]'
2017-08-06 17:18:12,479 [Thread-2] [DEBUG] [o.m.spring.SqlSessionFactoryBean] Parsed mapper file: 'file [D:\project-java\workspace\kalleryshop\.metadata\.plugins\org.eclipse.wst.server.core\tmp0\wtpwebapps\kalleryshop\WEB-INF\classes\mybatis\mapper\tbl_banner_mgr.xml]'
2017-08-06 17:18:12,487 [Thread-2] [DEBUG] [o.m.spring.SqlSessionFactoryBean] Parsed mapper file: 'file [D:\project-java\workspace\kalleryshop\.metadata\.plugins\org.eclipse.wst.server.core\tmp0\wtpwebapps\kalleryshop\WEB-INF\classes\mybatis\mapper\tbl_cate_mst.xml]'
2017-08-06 17:18:12,495 [Thread-2] [DEBUG] [o.m.spring.SqlSessionFactoryBean] Parsed mapper file: 'file [D:\project-java\workspace\kalleryshop\.metadata\.plugins\org.eclipse.wst.server.core\tmp0\wtpwebapps\kalleryshop\WEB-INF\classes\mybatis\mapper\tbl_cate_prd.xml]'
2017-08-06 17:18:12,507 [Thread-2] [DEBUG] [o.m.spring.SqlSessionFactoryBean] Parsed mapper file: 'file [D:\project-java\workspace\kalleryshop\.metadata\.plugins\org.eclipse.wst.server.core\tmp0\wtpwebapps\kalleryshop\WEB-INF\classes\mybatis\mapper\tbl_common_code.xml]'
2017-08-06 17:18:12,511 [Thread-2] [DEBUG] [o.m.spring.SqlSessionFactoryBean] Parsed mapper file: 'file [D:\project-java\workspace\kalleryshop\.metadata\.plugins\org.eclipse.wst.server.core\tmp0\wtpwebapps\kalleryshop\WEB-INF\classes\mybatis\mapper\tbl_common_code_group.xml]'
2017-08-06 17:18:12,522 [Thread-2] [DEBUG] [o.m.spring.SqlSessionFactoryBean] Parsed mapper file: 'file [D:\project-java\workspace\kalleryshop\.metadata\.plugins\org.eclipse.wst.server.core\tmp0\wtpwebapps\kalleryshop\WEB-INF\classes\mybatis\mapper\tbl_member.xml]'
2017-08-06 17:18:12,528 [Thread-2] [DEBUG] [o.m.spring.SqlSessionFactoryBean] Parsed mapper file: 'file [D:\project-java\workspace\kalleryshop\.metadata\.plugins\org.eclipse.wst.server.core\tmp0\wtpwebapps\kalleryshop\WEB-INF\classes\mybatis\mapper\tbl_member_access_log.xml]'
2017-08-06 17:18:12,532 [Thread-2] [DEBUG] [o.m.spring.SqlSessionFactoryBean] Parsed mapper file: 'file [D:\project-java\workspace\kalleryshop\.metadata\.plugins\org.eclipse.wst.server.core\tmp0\wtpwebapps\kalleryshop\WEB-INF\classes\mybatis\mapper\tbl_member_point.xml]'
2017-08-06 17:18:12,538 [Thread-2] [DEBUG] [o.m.spring.SqlSessionFactoryBean] Parsed mapper file: 'file [D:\project-java\workspace\kalleryshop\.metadata\.plugins\org.eclipse.wst.server.core\tmp0\wtpwebapps\kalleryshop\WEB-INF\classes\mybatis\mapper\tbl_opt_group.xml]'
2017-08-06 17:18:12,541 [Thread-2] [DEBUG] [o.m.spring.SqlSessionFactoryBean] Parsed mapper file: 'file [D:\project-java\workspace\kalleryshop\.metadata\.plugins\org.eclipse.wst.server.core\tmp0\wtpwebapps\kalleryshop\WEB-INF\classes\mybatis\mapper\tbl_prd_detail.xml]'
2017-08-06 17:18:12,550 [Thread-2] [DEBUG] [o.m.spring.SqlSessionFactoryBean] Parsed mapper file: 'file [D:\project-java\workspace\kalleryshop\.metadata\.plugins\org.eclipse.wst.server.core\tmp0\wtpwebapps\kalleryshop\WEB-INF\classes\mybatis\mapper\tbl_prd_mst.xml]'
2017-08-06 17:18:12,555 [Thread-2] [DEBUG] [o.m.spring.SqlSessionFactoryBean] Parsed mapper file: 'file [D:\project-java\workspace\kalleryshop\.metadata\.plugins\org.eclipse.wst.server.core\tmp0\wtpwebapps\kalleryshop\WEB-INF\classes\mybatis\mapper\tbl_prd_opt.xml]'
2017-08-06 17:18:12,560 [Thread-2] [DEBUG] [o.m.spring.SqlSessionFactoryBean] Parsed mapper file: 'file [D:\project-java\workspace\kalleryshop\.metadata\.plugins\org.eclipse.wst.server.core\tmp0\wtpwebapps\kalleryshop\WEB-INF\classes\mybatis\mapper\tbl_shop_env.xml]'
2017-08-06 17:18:13,259 [Thread-2] [INFO ] [org.hibernate.validator.util.Version] Hibernate Validator 4.2.0.Final
2017-08-06 17:18:13,262 [Thread-2] [DEBUG] [o.h.v.e.r.DefaultTraversableResolver] Cannot find javax.persistence.Persistence on classpath. Assuming non JPA 2 environment. All properties will per default be traversable.
2017-08-06 17:18:13,267 [Thread-2] [DEBUG] [o.h.v.xml.ValidationXmlParser] Trying to load META-INF/validation.xml for XML based Validator configuration.
2017-08-06 17:18:13,268 [Thread-2] [DEBUG] [o.h.v.xml.ValidationXmlParser] No META-INF/validation.xml found. Using annotation based configuration only
2017-08-06 17:18:15,542 [Multicast Heartbeat Sender Thread] [DEBUG] [n.s.ehcache.distribution.PayloadUtil] Cache peers for this CacheManager to be advertised: //192.168.219.173:9000/tokens
2017-08-06 17:18:27,146 ["http-bio-8080"-exec-5] [DEBUG] [kr.co.redcore.aop.ControllerAspect] @@@@@@@@@@@@@ >>> Around Action Execution Time Start !! >>>
2017-08-06 17:18:27,146 ["http-bio-8080"-exec-5] [DEBUG] [kr.co.redcore.aop.ControllerAspect] ------------------- controller start -----------------------------------------------------
2017-08-06 17:18:27,146 ["http-bio-8080"-exec-5] [DEBUG] [kr.co.redcore.aop.ControllerAspect] ### Controller Before Advice Start !! ###
2017-08-06 17:18:27,146 ["http-bio-8080"-exec-5] [DEBUG] [kr.co.redcore.aop.ControllerAspect] Controller Class => AdminLoginController
2017-08-06 17:18:27,146 ["http-bio-8080"-exec-5] [DEBUG] [kr.co.redcore.aop.ControllerAspect] Controller Method => loginForm
2017-08-06 17:18:27,147 ["http-bio-8080"-exec-5] [DEBUG] [kr.co.redcore.aop.ControllerAspect] /kalleryshop/admin/login/loginForm.do
2017-08-06 17:18:27,147 ["http-bio-8080"-exec-5] [DEBUG] [kr.co.redcore.aop.ControllerAspect] ContentType => null
2017-08-06 17:18:27,147 ["http-bio-8080"-exec-5] [DEBUG] [kr.co.redcore.aop.ControllerAspect] ################################################################################
2017-08-06 17:18:27,147 ["http-bio-8080"-exec-5] [DEBUG] [kr.co.redcore.aop.ControllerAspect] Params => 
2017-08-06 17:18:27,147 ["http-bio-8080"-exec-5] [DEBUG] [kr.co.redcore.aop.ControllerAspect] ################################################################################
2017-08-06 17:18:27,147 ["http-bio-8080"-exec-5] [DEBUG] [kr.co.redcore.aop.ControllerAspect] ### Controller Before Advice End !! ###
2017-08-06 17:18:27,157 ["http-bio-8080"-exec-5] [DEBUG] [kr.co.redcore.aop.ControllerAspect] ------------------- controller end -------------------------------------------------------
2017-08-06 17:18:27,157 ["http-bio-8080"-exec-5] [DEBUG] [kr.co.redcore.aop.ControllerAspect] >>> class kr.co.redcore.controller.admin.AdminLoginController Execution time : 0.01
2017-08-06 17:18:27,157 ["http-bio-8080"-exec-5] [DEBUG] [kr.co.redcore.aop.ControllerAspect] @@@@@@@@@@@@@ >>> Around Action Execution Time END !! >>>
2017-08-06 17:18:31,239 ["http-bio-8080"-exec-10] [DEBUG] [kr.co.redcore.aop.ControllerAspect] @@@@@@@@@@@@@ >>> Around Action Execution Time Start !! >>>
2017-08-06 17:18:31,239 ["http-bio-8080"-exec-10] [DEBUG] [kr.co.redcore.aop.ControllerAspect] ------------------- controller start -----------------------------------------------------
2017-08-06 17:18:31,239 ["http-bio-8080"-exec-10] [DEBUG] [kr.co.redcore.aop.ControllerAspect] ### Controller Before Advice Start !! ###
2017-08-06 17:18:31,239 ["http-bio-8080"-exec-10] [DEBUG] [kr.co.redcore.aop.ControllerAspect] Controller Class => AdminLoginController
2017-08-06 17:18:31,239 ["http-bio-8080"-exec-10] [DEBUG] [kr.co.redcore.aop.ControllerAspect] Controller Method => login
2017-08-06 17:18:31,240 ["http-bio-8080"-exec-10] [DEBUG] [kr.co.redcore.aop.ControllerAspect] /kalleryshop/admin/login/login.do
2017-08-06 17:18:31,240 ["http-bio-8080"-exec-10] [DEBUG] [kr.co.redcore.aop.ControllerAspect] ContentType => application/x-www-form-urlencoded
2017-08-06 17:18:31,240 ["http-bio-8080"-exec-10] [DEBUG] [kr.co.redcore.aop.ControllerAspect] ################################################################################
2017-08-06 17:18:31,240 ["http-bio-8080"-exec-10] [DEBUG] [kr.co.redcore.aop.ControllerAspect] Params => 
2017-08-06 17:18:31,240 ["http-bio-8080"-exec-10] [DEBUG] [kr.co.redcore.aop.ControllerAspect] password = 1234
2017-08-06 17:18:31,240 ["http-bio-8080"-exec-10] [DEBUG] [kr.co.redcore.aop.ControllerAspect] member_id = admin@gmail.com
2017-08-06 17:18:31,240 ["http-bio-8080"-exec-10] [DEBUG] [kr.co.redcore.aop.ControllerAspect] ################################################################################
2017-08-06 17:18:31,240 ["http-bio-8080"-exec-10] [DEBUG] [kr.co.redcore.aop.ControllerAspect] ### Controller Before Advice End !! ###
2017-08-06 17:18:31,321 ["http-bio-8080"-exec-10] [DEBUG] [T.getTbl_memberByMember_idEtc] ==>  Preparing: SELECT member_seq, member_level_seq, member_id, member_name, member_nick_name, password, member_type, ifnull(email_addr, '') AS email_addr, ifnull(mobile_num, '') AS mobile_num, birthday, profile_photo_path, curr_point, is_valid, is_del, ifnull(memo, '') AS memo, regby, date_format(regdate, '%Y%m%d') AS regdate, uptby, date_format(uptdate, '%Y%m%d') AS uptdate FROM tbl_member WHERE member_id = ? AND password = ? 
2017-08-06 17:18:31,353 ["http-bio-8080"-exec-10] [DEBUG] [T.getTbl_memberByMember_idEtc] ==> Parameters: admin@gmail.com(String), 1234(String)
2017-08-06 17:18:31,382 ["http-bio-8080"-exec-10] [DEBUG] [k.c.r.service.member.LoginService] >>> login success !!! member_id >>> admin@gmail.com
2017-08-06 17:18:31,383 ["http-bio-8080"-exec-10] [DEBUG] [kr.co.redcore.aop.ControllerAspect] ------------------- controller end -------------------------------------------------------
2017-08-06 17:18:31,383 ["http-bio-8080"-exec-10] [DEBUG] [kr.co.redcore.aop.ControllerAspect] >>> class kr.co.redcore.controller.admin.AdminLoginController Execution time : 0.144
2017-08-06 17:18:31,383 ["http-bio-8080"-exec-10] [DEBUG] [kr.co.redcore.aop.ControllerAspect] @@@@@@@@@@@@@ >>> Around Action Execution Time END !! >>>
2017-08-06 17:18:32,505 ["http-bio-8080"-exec-10] [DEBUG] [kr.co.redcore.aop.ControllerAspect] @@@@@@@@@@@@@ >>> Around Action Execution Time Start !! >>>
2017-08-06 17:18:32,505 ["http-bio-8080"-exec-10] [DEBUG] [kr.co.redcore.aop.ControllerAspect] ------------------- controller start -----------------------------------------------------
2017-08-06 17:18:32,505 ["http-bio-8080"-exec-10] [DEBUG] [kr.co.redcore.aop.ControllerAspect] ### Controller Before Advice Start !! ###
2017-08-06 17:18:32,505 ["http-bio-8080"-exec-10] [DEBUG] [kr.co.redcore.aop.ControllerAspect] Controller Class => AdminMemberController
2017-08-06 17:18:32,505 ["http-bio-8080"-exec-10] [DEBUG] [kr.co.redcore.aop.ControllerAspect] Controller Method => searchList
2017-08-06 17:18:32,505 ["http-bio-8080"-exec-10] [DEBUG] [kr.co.redcore.aop.ControllerAspect] /kalleryshop/admin/admin_member/searchList.do
2017-08-06 17:18:32,505 ["http-bio-8080"-exec-10] [DEBUG] [kr.co.redcore.aop.ControllerAspect] ContentType => null
2017-08-06 17:18:32,505 ["http-bio-8080"-exec-10] [DEBUG] [kr.co.redcore.aop.ControllerAspect] ################################################################################
2017-08-06 17:18:32,505 ["http-bio-8080"-exec-10] [DEBUG] [kr.co.redcore.aop.ControllerAspect] Params => 
2017-08-06 17:18:32,505 ["http-bio-8080"-exec-10] [DEBUG] [kr.co.redcore.aop.ControllerAspect] ################################################################################
2017-08-06 17:18:32,566 ["http-bio-8080"-exec-10] [DEBUG] [T.insertTbl_member_access_log] ==>  Preparing: INSERT INTO tbl_member_access_log(member_seq, member_id, ip_addr, access_url, regby, regdate) VALUES (?, ?, ?, ?, ?, sysdate()) 
2017-08-06 17:18:32,567 ["http-bio-8080"-exec-10] [DEBUG] [T.insertTbl_member_access_log] ==> Parameters: 1(Long), admin@gmail.com(String), 0:0:0:0:0:0:0:1(String), /kalleryshop/admin/admin_member/searchList.do(String), admin@gmail.com(String)
2017-08-06 17:18:32,611 ["http-bio-8080"-exec-10] [DEBUG] [kr.co.redcore.aop.ControllerAspect] URL => /kalleryshop/admin/admin_member/searchList.do : access log insert !!!
2017-08-06 17:18:32,612 ["http-bio-8080"-exec-10] [DEBUG] [kr.co.redcore.aop.ControllerAspect] ### Controller Before Advice End !! ###
2017-08-06 17:18:32,732 ["http-bio-8080"-exec-10] [DEBUG] [T.getPageHelperCntByParamMap] ==>  Preparing: SELECT COUNT(*) FROM tbl_member WHERE 1 = 1 AND member_type = ? 
2017-08-06 17:18:32,732 ["http-bio-8080"-exec-10] [DEBUG] [T.getPageHelperCntByParamMap] ==> Parameters: A(String)
2017-08-06 17:18:32,787 ["http-bio-8080"-exec-10] [DEBUG] [T.getPageHelperListByParamMapEtc] ==>  Preparing: SELECT tm.member_seq, tm.member_level_seq, tml.level_name, tm.member_id, tm.member_name, member_nick_name, tm.password, tm.member_type, ifnull(tm.email_addr, '') AS email_addr, ifnull(tm.mobile_num, '') AS mobile_num, birthday, profile_photo_path, tm.curr_point, tm.is_valid, tm.is_del, ifnull(tm.memo, '') AS memo, tm.regby, date_format(tm.regdate, '%Y%m%d') AS regdate, tm.uptby, date_format(tm.uptdate, '%Y%m%d') AS uptdate FROM tbl_member tm, (SELECT member_seq FROM tbl_member WHERE 1 = 1 AND member_type = ? LIMIT ?, ?) sub, tbl_member_level tml WHERE tm.member_seq = sub.member_seq AND tm.member_level_seq = tml.member_level_seq ORDER BY member_seq DESC 
2017-08-06 17:18:32,788 ["http-bio-8080"-exec-10] [DEBUG] [T.getPageHelperListByParamMapEtc] ==> Parameters: A(String), 0(Integer), 10(Integer)
2017-08-06 17:18:32,806 ["http-bio-8080"-exec-10] [DEBUG] [kr.co.redcore.aop.ControllerAspect] ------------------- controller end -------------------------------------------------------
2017-08-06 17:18:32,807 ["http-bio-8080"-exec-10] [DEBUG] [kr.co.redcore.aop.ControllerAspect] >>> class kr.co.redcore.controller.admin.AdminMemberController Execution time : 0.301
2017-08-06 17:18:32,807 ["http-bio-8080"-exec-10] [DEBUG] [kr.co.redcore.aop.ControllerAspect] @@@@@@@@@@@@@ >>> Around Action Execution Time END !! >>>
2017-08-06 17:18:32,926 ["http-bio-8080"-exec-10] [DEBUG] [T.getVw_common_codeByParamMap] ==>  Preparing: SELECT tcc.*, tccg.code_group_name FROM tbl_common_code_group tccg, tbl_common_code tcc WHERE tccg.code_group_id = tcc.code_group_id AND tcc.code_id = ? AND tcc.code_group_id = ? AND tcc.code_locale = ? 
2017-08-06 17:18:32,926 ["http-bio-8080"-exec-10] [DEBUG] [T.getVw_common_codeByParamMap] ==> Parameters: Y(String), IS_VALID(String), ko(String)
2017-08-06 17:18:35,771 ["http-bio-8080"-exec-6] [DEBUG] [kr.co.redcore.aop.ControllerAspect] @@@@@@@@@@@@@ >>> Around Action Execution Time Start !! >>>
2017-08-06 17:18:35,771 ["http-bio-8080"-exec-6] [DEBUG] [kr.co.redcore.aop.ControllerAspect] ------------------- controller start -----------------------------------------------------
2017-08-06 17:18:35,771 ["http-bio-8080"-exec-6] [DEBUG] [kr.co.redcore.aop.ControllerAspect] ### Controller Before Advice Start !! ###
2017-08-06 17:18:35,771 ["http-bio-8080"-exec-6] [DEBUG] [kr.co.redcore.aop.ControllerAspect] Controller Class => AdminMemberController
2017-08-06 17:18:35,771 ["http-bio-8080"-exec-6] [DEBUG] [kr.co.redcore.aop.ControllerAspect] Controller Method => searchList
2017-08-06 17:18:35,771 ["http-bio-8080"-exec-6] [DEBUG] [kr.co.redcore.aop.ControllerAspect] /kalleryshop/admin/admin_member/searchList.do
2017-08-06 17:18:35,771 ["http-bio-8080"-exec-6] [DEBUG] [kr.co.redcore.aop.ControllerAspect] ContentType => null
2017-08-06 17:18:35,771 ["http-bio-8080"-exec-6] [DEBUG] [kr.co.redcore.aop.ControllerAspect] ################################################################################
2017-08-06 17:18:35,771 ["http-bio-8080"-exec-6] [DEBUG] [kr.co.redcore.aop.ControllerAspect] Params => 
2017-08-06 17:18:35,771 ["http-bio-8080"-exec-6] [DEBUG] [kr.co.redcore.aop.ControllerAspect] ################################################################################
2017-08-06 17:18:35,828 ["http-bio-8080"-exec-6] [DEBUG] [T.insertTbl_member_access_log] ==>  Preparing: INSERT INTO tbl_member_access_log(member_seq, member_id, ip_addr, access_url, regby, regdate) VALUES (?, ?, ?, ?, ?, sysdate()) 
2017-08-06 17:18:35,830 ["http-bio-8080"-exec-6] [DEBUG] [T.insertTbl_member_access_log] ==> Parameters: 1(Long), admin@gmail.com(String), 0:0:0:0:0:0:0:1(String), /kalleryshop/admin/admin_member/searchList.do(String), admin@gmail.com(String)
2017-08-06 17:18:35,874 ["http-bio-8080"-exec-6] [DEBUG] [kr.co.redcore.aop.ControllerAspect] URL => /kalleryshop/admin/admin_member/searchList.do : access log insert !!!
2017-08-06 17:18:35,874 ["http-bio-8080"-exec-6] [DEBUG] [kr.co.redcore.aop.ControllerAspect] ### Controller Before Advice End !! ###
2017-08-06 17:18:35,917 ["http-bio-8080"-exec-6] [DEBUG] [T.getPageHelperCntByParamMap] ==>  Preparing: SELECT COUNT(*) FROM tbl_member WHERE 1 = 1 AND member_type = ? 
2017-08-06 17:18:35,918 ["http-bio-8080"-exec-6] [DEBUG] [T.getPageHelperCntByParamMap] ==> Parameters: A(String)
2017-08-06 17:18:35,974 ["http-bio-8080"-exec-6] [DEBUG] [T.getPageHelperListByParamMapEtc] ==>  Preparing: SELECT tm.member_seq, tm.member_level_seq, tml.level_name, tm.member_id, tm.member_name, member_nick_name, tm.password, tm.member_type, ifnull(tm.email_addr, '') AS email_addr, ifnull(tm.mobile_num, '') AS mobile_num, birthday, profile_photo_path, tm.curr_point, tm.is_valid, tm.is_del, ifnull(tm.memo, '') AS memo, tm.regby, date_format(tm.regdate, '%Y%m%d') AS regdate, tm.uptby, date_format(tm.uptdate, '%Y%m%d') AS uptdate FROM tbl_member tm, (SELECT member_seq FROM tbl_member WHERE 1 = 1 AND member_type = ? LIMIT ?, ?) sub, tbl_member_level tml WHERE tm.member_seq = sub.member_seq AND tm.member_level_seq = tml.member_level_seq ORDER BY member_seq DESC 
2017-08-06 17:18:35,975 ["http-bio-8080"-exec-6] [DEBUG] [T.getPageHelperListByParamMapEtc] ==> Parameters: A(String), 0(Integer), 10(Integer)
2017-08-06 17:18:35,991 ["http-bio-8080"-exec-6] [DEBUG] [kr.co.redcore.aop.ControllerAspect] ------------------- controller end -------------------------------------------------------
2017-08-06 17:18:35,991 ["http-bio-8080"-exec-6] [DEBUG] [kr.co.redcore.aop.ControllerAspect] >>> class kr.co.redcore.controller.admin.AdminMemberController Execution time : 0.22
2017-08-06 17:18:35,991 ["http-bio-8080"-exec-6] [DEBUG] [kr.co.redcore.aop.ControllerAspect] @@@@@@@@@@@@@ >>> Around Action Execution Time END !! >>>
2017-08-06 17:18:37,264 ["http-bio-8080"-exec-6] [DEBUG] [kr.co.redcore.aop.ControllerAspect] @@@@@@@@@@@@@ >>> Around Action Execution Time Start !! >>>
2017-08-06 17:18:37,264 ["http-bio-8080"-exec-6] [DEBUG] [kr.co.redcore.aop.ControllerAspect] ------------------- controller start -----------------------------------------------------
2017-08-06 17:18:37,264 ["http-bio-8080"-exec-6] [DEBUG] [kr.co.redcore.aop.ControllerAspect] ### Controller Before Advice Start !! ###
2017-08-06 17:18:37,264 ["http-bio-8080"-exec-6] [DEBUG] [kr.co.redcore.aop.ControllerAspect] Controller Class => FrontMemberController
2017-08-06 17:18:37,264 ["http-bio-8080"-exec-6] [DEBUG] [kr.co.redcore.aop.ControllerAspect] Controller Method => searchList
2017-08-06 17:18:37,264 ["http-bio-8080"-exec-6] [DEBUG] [kr.co.redcore.aop.ControllerAspect] /kalleryshop/admin/front_member/searchList.do
2017-08-06 17:18:37,264 ["http-bio-8080"-exec-6] [DEBUG] [kr.co.redcore.aop.ControllerAspect] ContentType => null
2017-08-06 17:18:37,264 ["http-bio-8080"-exec-6] [DEBUG] [kr.co.redcore.aop.ControllerAspect] ################################################################################
2017-08-06 17:18:37,265 ["http-bio-8080"-exec-6] [DEBUG] [kr.co.redcore.aop.ControllerAspect] Params => 
2017-08-06 17:18:37,265 ["http-bio-8080"-exec-6] [DEBUG] [kr.co.redcore.aop.ControllerAspect] ################################################################################
2017-08-06 17:18:37,316 ["http-bio-8080"-exec-6] [DEBUG] [T.insertTbl_member_access_log] ==>  Preparing: INSERT INTO tbl_member_access_log(member_seq, member_id, ip_addr, access_url, regby, regdate) VALUES (?, ?, ?, ?, ?, sysdate()) 
2017-08-06 17:18:37,317 ["http-bio-8080"-exec-6] [DEBUG] [T.insertTbl_member_access_log] ==> Parameters: 1(Long), admin@gmail.com(String), 0:0:0:0:0:0:0:1(String), /kalleryshop/admin/front_member/searchList.do(String), admin@gmail.com(String)
2017-08-06 17:18:37,358 ["http-bio-8080"-exec-6] [DEBUG] [kr.co.redcore.aop.ControllerAspect] URL => /kalleryshop/admin/front_member/searchList.do : access log insert !!!
2017-08-06 17:18:37,359 ["http-bio-8080"-exec-6] [DEBUG] [kr.co.redcore.aop.ControllerAspect] ### Controller Before Advice End !! ###
2017-08-06 17:18:37,424 ["http-bio-8080"-exec-6] [DEBUG] [T.getPageHelperCntByParamMap] ==>  Preparing: SELECT COUNT(*) FROM tbl_member WHERE 1 = 1 AND member_type = ? 
2017-08-06 17:18:37,424 ["http-bio-8080"-exec-6] [DEBUG] [T.getPageHelperCntByParamMap] ==> Parameters: F(String)
2017-08-06 17:18:37,479 ["http-bio-8080"-exec-6] [DEBUG] [T.getPageHelperListByParamMapEtc] ==>  Preparing: SELECT tm.member_seq, tm.member_level_seq, tml.level_name, tm.member_id, tm.member_name, member_nick_name, tm.password, tm.member_type, ifnull(tm.email_addr, '') AS email_addr, ifnull(tm.mobile_num, '') AS mobile_num, birthday, profile_photo_path, tm.curr_point, tm.is_valid, tm.is_del, ifnull(tm.memo, '') AS memo, tm.regby, date_format(tm.regdate, '%Y%m%d') AS regdate, tm.uptby, date_format(tm.uptdate, '%Y%m%d') AS uptdate FROM tbl_member tm, (SELECT member_seq FROM tbl_member WHERE 1 = 1 AND member_type = ? LIMIT ?, ?) sub, tbl_member_level tml WHERE tm.member_seq = sub.member_seq AND tm.member_level_seq = tml.member_level_seq ORDER BY member_seq DESC 
2017-08-06 17:18:37,480 ["http-bio-8080"-exec-6] [DEBUG] [T.getPageHelperListByParamMapEtc] ==> Parameters: F(String), 0(Integer), 10(Integer)
2017-08-06 17:18:37,498 ["http-bio-8080"-exec-6] [DEBUG] [kr.co.redcore.aop.ControllerAspect] ------------------- controller end -------------------------------------------------------
2017-08-06 17:18:37,498 ["http-bio-8080"-exec-6] [DEBUG] [kr.co.redcore.aop.ControllerAspect] >>> class kr.co.redcore.controller.admin.FrontMemberController Execution time : 0.234
2017-08-06 17:18:37,500 ["http-bio-8080"-exec-6] [DEBUG] [kr.co.redcore.aop.ControllerAspect] @@@@@@@@@@@@@ >>> Around Action Execution Time END !! >>>
